<?xml version="1.0" encoding="UTF-8"?>
<testsuite xmlns:xsi="http://www.w3.org/2001/XMLSchema-instance" xsi:noNamespaceSchemaLocation="https://maven.apache.org/surefire/maven-surefire-plugin/xsd/surefire-test-report-3.0.xsd" version="3.0" name="pwo.lab13.app.ProcessArgsTest" time="0.165" tests="10" errors="0" skipped="0" failures="0">
  <properties>
    <property name="java.specification.version" value="18"/>
    <property name="sun.jnu.encoding" value="UTF-8"/>
    <property name="java.class.path" value="/home/opensuse/NetBeansProjects/lab13/target/test-classes:/home/opensuse/NetBeansProjects/lab13/target/classes:/home/opensuse/.m2/repository/org/junit/jupiter/junit-jupiter/5.9.0/junit-jupiter-5.9.0.jar:/home/opensuse/.m2/repository/org/junit/jupiter/junit-jupiter-api/5.6.0/junit-jupiter-api-5.6.0.jar:/home/opensuse/.m2/repository/org/apiguardian/apiguardian-api/1.1.0/apiguardian-api-1.1.0.jar:/home/opensuse/.m2/repository/org/opentest4j/opentest4j/1.2.0/opentest4j-1.2.0.jar:/home/opensuse/.m2/repository/org/junit/platform/junit-platform-commons/1.6.0/junit-platform-commons-1.6.0.jar:/home/opensuse/.m2/repository/org/junit/jupiter/junit-jupiter-params/5.6.0/junit-jupiter-params-5.6.0.jar:/home/opensuse/.m2/repository/org/junit/jupiter/junit-jupiter-engine/5.6.0/junit-jupiter-engine-5.6.0.jar:/home/opensuse/.m2/repository/org/junit/platform/junit-platform-engine/1.6.0/junit-platform-engine-1.6.0.jar:"/>
    <property name="java.vm.vendor" value="Azul Systems, Inc."/>
    <property name="sun.arch.data.model" value="64"/>
    <property name="java.vendor.url" value="http://www.azul.com/"/>
    <property name="os.name" value="Linux"/>
    <property name="java.vm.specification.version" value="18"/>
    <property name="user.country" value="US"/>
    <property name="sun.java.launcher" value="SUN_STANDARD"/>
    <property name="sun.boot.library.path" value="/tmp/.mount_ApacheqlGWUD/usr/lib/jdk/lib"/>
    <property name="sun.java.command" value="/home/opensuse/NetBeansProjects/lab13/target/surefire/surefirebooter-20221109091727301_3.jar /home/opensuse/NetBeansProjects/lab13/target/surefire 2022-11-09T09-17-26_825-jvmRun1 surefire-20221109091727301_1tmp surefire_0-20221109091727301_2tmp"/>
    <property name="jdk.debug" value="release"/>
    <property name="test" value="pwo.lab13.app.ProcessArgsTest"/>
    <property name="surefire.test.class.path" value="/home/opensuse/NetBeansProjects/lab13/target/test-classes:/home/opensuse/NetBeansProjects/lab13/target/classes:/home/opensuse/.m2/repository/org/junit/jupiter/junit-jupiter/5.9.0/junit-jupiter-5.9.0.jar:/home/opensuse/.m2/repository/org/junit/jupiter/junit-jupiter-api/5.6.0/junit-jupiter-api-5.6.0.jar:/home/opensuse/.m2/repository/org/apiguardian/apiguardian-api/1.1.0/apiguardian-api-1.1.0.jar:/home/opensuse/.m2/repository/org/opentest4j/opentest4j/1.2.0/opentest4j-1.2.0.jar:/home/opensuse/.m2/repository/org/junit/platform/junit-platform-commons/1.6.0/junit-platform-commons-1.6.0.jar:/home/opensuse/.m2/repository/org/junit/jupiter/junit-jupiter-params/5.6.0/junit-jupiter-params-5.6.0.jar:/home/opensuse/.m2/repository/org/junit/jupiter/junit-jupiter-engine/5.6.0/junit-jupiter-engine-5.6.0.jar:/home/opensuse/.m2/repository/org/junit/platform/junit-platform-engine/1.6.0/junit-platform-engine-1.6.0.jar:"/>
    <property name="sun.cpu.endian" value="little"/>
    <property name="user.home" value="/home/opensuse"/>
    <property name="user.language" value="en"/>
    <property name="java.specification.vendor" value="Oracle Corporation"/>
    <property name="java.version.date" value="2022-07-19"/>
    <property name="java.home" value="/tmp/.mount_ApacheqlGWUD/usr/lib/jdk"/>
    <property name="file.separator" value="/"/>
    <property name="basedir" value="/home/opensuse/NetBeansProjects/lab13"/>
    <property name="java.vm.compressedOopsMode" value="32-bit"/>
    <property name="line.separator" value="&#10;"/>
    <property name="java.vm.specification.vendor" value="Oracle Corporation"/>
    <property name="java.specification.name" value="Java Platform API Specification"/>
    <property name="surefire.real.class.path" value="/home/opensuse/NetBeansProjects/lab13/target/surefire/surefirebooter-20221109091727301_3.jar"/>
    <property name="sun.management.compiler" value="HotSpot 64-Bit Tiered Compilers"/>
    <property name="java.runtime.version" value="18.0.2+9"/>
    <property name="user.name" value="opensuse"/>
    <property name="path.separator" value=":"/>
    <property name="os.version" value="5.14.21-150400.22-default"/>
    <property name="java.runtime.name" value="OpenJDK Runtime Environment"/>
    <property name="file.encoding" value="UTF-8"/>
    <property name="java.vm.name" value="OpenJDK 64-Bit Server VM"/>
    <property name="java.vendor.version" value="Zulu18.32+11-CA"/>
    <property name="maven.ext.class.path" value="/tmp/.mount_ApacheqlGWUD/usr/lib/netbeans/java/maven-nblib/netbeans-eventspy.jar"/>
    <property name="localRepository" value="/home/opensuse/.m2/repository"/>
    <property name="java.vendor.url.bug" value="http://www.azul.com/support/"/>
    <property name="java.io.tmpdir" value="/tmp"/>
    <property name="java.version" value="18.0.2"/>
    <property name="user.dir" value="/home/opensuse/NetBeansProjects/lab13"/>
    <property name="os.arch" value="amd64"/>
    <property name="java.vm.specification.name" value="Java Virtual Machine Specification"/>
    <property name="native.encoding" value="UTF-8"/>
    <property name="java.library.path" value="/usr/java/packages/lib:/usr/lib64:/lib64:/lib:/usr/lib"/>
    <property name="java.vm.info" value="mixed mode, sharing"/>
    <property name="java.vendor" value="Azul Systems, Inc."/>
    <property name="java.vm.version" value="18.0.2+9"/>
    <property name="sun.io.unicode.encoding" value="UnicodeLittle"/>
    <property name="java.class.version" value="62.0"/>
  </properties>
  <testcase name="testGetAction0" classname="pwo.lab13.app.ProcessArgsTest" time="0.043">
    <system-out><![CDATA[test get action 0
]]></system-out>
  </testcase>
  <testcase name="testGetAction1" classname="pwo.lab13.app.ProcessArgsTest" time="0.011">
    <system-out><![CDATA[test get action 1
]]></system-out>
  </testcase>
  <testcase name="testGetAction2" classname="pwo.lab13.app.ProcessArgsTest" time="0.004">
    <system-out><![CDATA[test get action 2
]]></system-out>
  </testcase>
  <testcase name="testGetAction3" classname="pwo.lab13.app.ProcessArgsTest" time="0.012">
    <system-out><![CDATA[test get action 3
]]></system-out>
  </testcase>
  <testcase name="testGetAction4" classname="pwo.lab13.app.ProcessArgsTest" time="0.003">
    <system-out><![CDATA[test get action 4
]]></system-out>
  </testcase>
  <testcase name="testGetNumbers0" classname="pwo.lab13.app.ProcessArgsTest" time="0.007">
    <system-out><![CDATA[test get numbers 0
]]></system-out>
  </testcase>
  <testcase name="testGetNumbers1" classname="pwo.lab13.app.ProcessArgsTest" time="0.003">
    <system-out><![CDATA[test get numbers 1
]]></system-out>
  </testcase>
  <testcase name="testGetNumbers2" classname="pwo.lab13.app.ProcessArgsTest" time="0">
    <system-out><![CDATA[test get numbers 2
]]></system-out>
  </testcase>
  <testcase name="testGetNumbers3" classname="pwo.lab13.app.ProcessArgsTest" time="0.001">
    <system-out><![CDATA[test get numbers 3
]]></system-out>
  </testcase>
  <testcase name="testGetNumbers4" classname="pwo.lab13.app.ProcessArgsTest" time="0.001">
    <system-out><![CDATA[test get numbers 0
]]></system-out>
  </testcase>
</testsuite>